<?xml version="1.0" encoding="UTF-8"?>
<!-- Generated by org.testng.reporters.JUnitReportReporter -->
<testsuite hostname="EC2AMAZ-S11DBRH" failures="0" tests="1" name="testScripts.SampleTwoTest" time="0.010" errors="0" timestamp="2024-04-26T06:38:37 GMT" skipped="0">
  <testcase classname="testScripts.SampleTwoTest" name="testFour" time="0.010"/>
  <system-out/>
</testsuite> <!-- testScripts.SampleTwoTest -->
