<?xml version="1.0" encoding="UTF-8"?>
<!-- Generated by org.testng.reporters.JUnitReportReporter -->
<testsuite hostname="EC2AMAZ-S11DBRH" failures="0" tests="1" name="testScripts.GooglePageTest" time="15.166" errors="0" timestamp="2024-04-25T16:43:44 GMT" skipped="0">
  <testcase classname="testScripts.GooglePageTest" name="javaSearchTest" time="15.166"/>
  <system-out/>
</testsuite> <!-- testScripts.GooglePageTest -->
