<?xml version="1.0" encoding="UTF-8"?>
<!-- Generated by org.testng.reporters.JUnitReportReporter -->
<testsuite hostname="EC2AMAZ-S11DBRH" failures="0" tests="4" name="parallelScripts.SampleTwoTest" time="0.022" errors="0" timestamp="2024-04-26T07:25:52 GMT" skipped="0">
  <testcase classname="parallelScripts.SampleTwoTest" name="testTwo" time="0.003"/>
  <system-out/>
  <testcase classname="parallelScripts.SampleTwoTest" name="testOne" time="0.007"/>
  <system-out/>
  <testcase classname="parallelScripts.SampleTwoTest" name="testThree" time="0.002"/>
  <system-out/>
  <testcase classname="parallelScripts.SampleTwoTest" name="testFour" time="0.010"/>
  <system-out/>
</testsuite> <!-- parallelScripts.SampleTwoTest -->
