<?xml version="1.0" encoding="UTF-8"?>
<!-- Generated by org.testng.reporters.JUnitReportReporter -->
<testsuite hostname="EC2AMAZ-S11DBRH" failures="0" tests="2" name="testScripts.SampleThreeTest" time="0.003" errors="0" timestamp="2024-04-26T06:38:37 GMT" skipped="0">
  <testcase classname="testScripts.SampleThreeTest" name="testThree" time="0.002"/>
  <system-out/>
  <testcase classname="testScripts.SampleThreeTest" name="testFour" time="0.001"/>
  <system-out/>
</testsuite> <!-- testScripts.SampleThreeTest -->
