<?xml version="1.0" encoding="UTF-8"?>
<!-- Generated by org.testng.reporters.JUnitReportReporter -->
<testsuite hostname="EC2AMAZ-S11DBRH" failures="0" tests="1" name="testScripts.LoginPageTest" time="5.026" errors="0" timestamp="2024-04-26T04:50:14 GMT" skipped="0">
  <testcase classname="testScripts.LoginPageTest" name="validLogin" time="5.026"/>
  <system-out/>
</testsuite> <!-- testScripts.LoginPageTest -->
