<?xml version="1.0" encoding="UTF-8"?>
<!-- Generated by org.testng.reporters.JUnitReportReporter -->
<testsuite hostname="EC2AMAZ-S11DBRH" failures="0" tests="3" name="testScripts.DataProviderJSONTest" time="16.096" errors="0" timestamp="2024-04-30T06:41:19 GMT" skipped="0">
  <testcase classname="testScripts.DataProviderJSONTest" name="validLoginTest" time="5.086"/>
  <system-out/>
  <testcase classname="testScripts.DataProviderJSONTest" name="validLoginTest" time="5.942"/>
  <system-out/>
  <testcase classname="testScripts.DataProviderJSONTest" name="validLoginTest" time="5.068"/>
  <system-out/>
</testsuite> <!-- testScripts.DataProviderJSONTest -->
