<?xml version="1.0" encoding="UTF-8"?>
<!-- Generated by org.testng.reporters.JUnitReportReporter -->
<testsuite hostname="EC2AMAZ-S11DBRH" failures="0" tests="1" name="testScripts.ExternalFileTest" time="16.072" errors="0" timestamp="2024-04-30T03:57:38 GMT" skipped="0">
  <testcase classname="testScripts.ExternalFileTest" name="validLogin" time="16.072"/>
  <system-out/>
</testsuite> <!-- testScripts.ExternalFileTest -->
