<?xml version="1.0" encoding="UTF-8"?>
<!-- Generated by org.testng.reporters.JUnitReportReporter -->
<testsuite hostname="EC2AMAZ-S11DBRH" failures="0" tests="4" name="parallelScripts.SampleThreeTest" time="0.005" errors="0" timestamp="2024-04-26T07:25:52 GMT" skipped="0">
  <testcase classname="parallelScripts.SampleThreeTest" name="testOne" time="0.001"/>
  <system-out/>
  <testcase classname="parallelScripts.SampleThreeTest" name="testThree" time="0.001"/>
  <system-out/>
  <testcase classname="parallelScripts.SampleThreeTest" name="testTwo" time="0.002"/>
  <system-out/>
  <testcase classname="parallelScripts.SampleThreeTest" name="testFour" time="0.001"/>
  <system-out/>
</testsuite> <!-- parallelScripts.SampleThreeTest -->
