<?xml version="1.0" encoding="UTF-8"?>
<!-- Generated by org.testng.reporters.JUnitReportReporter -->
<testsuite hostname="EC2AMAZ-S11DBRH" failures="0" tests="1" name="testScripts.GooglePgeTestwithAnnotations" time="4.757" errors="0" timestamp="2024-04-26T05:01:45 GMT" skipped="0">
  <testcase classname="testScripts.GooglePgeTestwithAnnotations" name="javasearchTest" time="4.757"/>
  <system-out/>
</testsuite> <!-- testScripts.GooglePgeTestwithAnnotations -->
