<?xml version="1.0" encoding="UTF-8"?>
<!-- Generated by org.testng.reporters.JUnitReportReporter -->
<testsuite hostname="EC2AMAZ-S11DBRH" failures="0" tests="8" name="parallelScripts.SampleOneTest" time="0.085" errors="0" timestamp="2024-04-29T03:49:57 GMT" skipped="0">
  <testcase classname="parallelScripts.SampleOneTest" name="testThree" time="0.003"/>
  <system-out/>
  <testcase classname="parallelScripts.SampleOneTest" name="testThree" time="0.038"/>
  <system-out/>
  <testcase classname="parallelScripts.SampleOneTest" name="testOne" time="0.003"/>
  <system-out/>
  <testcase classname="parallelScripts.SampleOneTest" name="testThree" time="0.002"/>
  <system-out/>
  <testcase classname="parallelScripts.SampleOneTest" name="testFour" time="0.014"/>
  <system-out/>
  <testcase classname="parallelScripts.SampleOneTest" name="testThree" time="0.012"/>
  <system-out/>
  <testcase classname="parallelScripts.SampleOneTest" name="testTwo" time="0.003"/>
  <system-out/>
  <testcase classname="parallelScripts.SampleOneTest" name="testThree" time="0.010"/>
  <system-out/>
</testsuite> <!-- parallelScripts.SampleOneTest -->
