<?xml version="1.0" encoding="UTF-8"?>
<!-- Generated by org.testng.reporters.JUnitReportReporter -->
<testsuite hostname="EC2AMAZ-S11DBRH" failures="0" tests="1" name="testScripts.LoginPageTest" time="8.087" errors="0" timestamp="2024-04-29T04:18:56 GMT" skipped="0">
  <testcase classname="testScripts.LoginPageTest" name="validLogin" time="8.087"/>
  <system-out/>
</testsuite> <!-- testScripts.LoginPageTest -->
