<?xml version="1.0" encoding="UTF-8"?>
<!-- Generated by org.testng.reporters.JUnitReportReporter -->
<testsuite hostname="EC2AMAZ-S11DBRH" failures="0" tests="4" name="testScripts.CDPTest" time="14.290" errors="0" timestamp="2024-05-02T06:13:36 GMT" skipped="0">
  <testcase classname="testScripts.CDPTest" name="deviceModeTest" time="1.767"/>
  <system-out/>
  <testcase classname="testScripts.CDPTest" name="captureConsoleLogTest" time="3.096"/>
  <system-out/>
  <testcase classname="testScripts.CDPTest" name="geoLocationTest" time="4.392"/>
  <system-out/>
  <testcase classname="testScripts.CDPTest" name="basicAuthTest" time="5.035"/>
  <system-out/>
</testsuite> <!-- testScripts.CDPTest -->
