<?xml version="1.0" encoding="UTF-8"?>
<!-- Generated by org.testng.reporters.JUnitReportReporter -->
<testsuite hostname="LAPTOP-AVHKPG7J" failures="0" tests="1" name="testScripts.RemoteDriverTest" time="12.031" errors="0" timestamp="2024-05-02T20:56:31 IST" skipped="0">
  <testcase classname="testScripts.RemoteDriverTest" name="logintest" time="12.031"/>
  <system-out/>
</testsuite> <!-- testScripts.RemoteDriverTest -->
